<?xml version="1.0" encoding="UTF-8"?>
<testsuite name="Automatizacion de Elements -&gt; Web Tables" tests="1" skipped="0" failures="0" errors="0" timestamp="2022-12-07T02:32:11" hostname="DESKTOP-L8TNPF6" time="32.605">
  <properties/>
  <testcase name="Ingresar a Elements -&gt; Web Tables de la página web" classname="Automatizacion de Elements -&gt; Web Tables" time="32.605"/>
  <system-out><![CDATA[]]></system-out>
  <system-err><![CDATA[Starting ChromeDriver 108.0.5359.71 (1e0e3868ee06e91ad636a874420e3ca3ae3756ac-refs/branch-heads/5359@{#1016}) on port 18235
Only local connections are allowed.
Please see https://chromedriver.chromium.org/security-considerations for suggestions on keeping ChromeDriver safe.
ChromeDriver was started successfully.
Dec 06, 2022 9:32:18 PM org.openqa.selenium.remote.ProtocolHandshake createSession
INFO: Detected dialect: W3C
]]></system-err>
</testsuite>
