<?xml version="1.0" encoding="UTF-8"?>
<testsuite name="Automatizacion de Elements -&gt; Web Tables" tests="1" skipped="0" failures="0" errors="0" timestamp="2023-01-13T19:18:27" hostname="DESKTOP-L8TNPF6" time="37.161">
  <properties/>
  <testcase name="Ingresar a Elements -&gt; Web Tables de la página web" classname="Automatizacion de Elements -&gt; Web Tables" time="37.161"/>
  <system-out><![CDATA[]]></system-out>
  <system-err><![CDATA[Starting ChromeDriver 108.0.5359.71 (1e0e3868ee06e91ad636a874420e3ca3ae3756ac-refs/branch-heads/5359@{#1016}) on port 27195
Only local connections are allowed.
Please see https://chromedriver.chromium.org/security-considerations for suggestions on keeping ChromeDriver safe.
ChromeDriver was started successfully.
Jan 13, 2023 2:18:35 PM org.openqa.selenium.remote.ProtocolHandshake createSession
INFO: Detected dialect: W3C
]]></system-err>
</testsuite>
